2024-04-14 16:56:27.290 - fleet.ambulance - WARNING - incydent added
2024-04-14 16:56:27.292 - fleet.ambulance - WARNING - incydent added
2024-04-14 16:56:27.295 - fleet.ambulance - WARNING - sort incydent
2024-04-14 16:56:27.295 - fleet.ambulance - WARNING - ambulance works
2024-04-14 16:56:27.306 - fleet.ambulance - WARNING - incydent happend
2024-04-14 16:56:27.307 - fleet.ambulance - WARNING - distance from incydent
2024-04-14 16:56:27.308 - fleet.ambulance - WARNING - updated location
2024-04-14 16:56:27.309 - fleet.ambulance - WARNING - incydent happend
2024-04-14 16:56:27.310 - fleet.ambulance - WARNING - distance from incydent
2024-04-14 16:56:27.310 - fleet.ambulance - WARNING - updated location
2024-04-14 18:08:04.602 - fleet.ambulance - WARNING - incydent added
2024-04-14 18:08:04.605 - fleet.ambulance - WARNING - incydent added
2024-04-14 18:08:04.607 - fleet.ambulance - WARNING - sort incydent
2024-04-14 18:08:04.608 - fleet.ambulance - WARNING - ambulance works
2024-04-14 18:08:04.618 - fleet.ambulance - WARNING - incydent happend
2024-04-14 18:08:04.619 - fleet.ambulance - WARNING - distance from incydent
2024-04-14 18:08:04.620 - fleet.ambulance - WARNING - updated location
2024-04-14 18:08:04.621 - fleet.ambulance - WARNING - incydent happend
2024-04-14 18:08:04.621 - fleet.ambulance - WARNING - distance from incydent
2024-04-14 18:08:04.622 - fleet.ambulance - WARNING - updated location
2024-04-14 18:09:06.805 - fleet.ambulance - WARNING - incydent added
2024-04-14 18:09:06.806 - fleet.ambulance - WARNING - incydent added
2024-04-14 18:09:06.814 - fleet.ambulance - WARNING - sort incydent
2024-04-14 18:09:06.815 - fleet.ambulance - WARNING - ambulance works
2024-04-14 18:09:06.827 - fleet.ambulance - WARNING - incydent happend
2024-04-14 18:09:06.828 - fleet.ambulance - WARNING - distance from incydent
2024-04-14 18:09:06.828 - fleet.ambulance - WARNING - updated location
2024-04-14 18:09:06.829 - fleet.ambulance - WARNING - incydent happend
2024-04-14 18:09:06.830 - fleet.ambulance - WARNING - distance from incydent
2024-04-14 18:09:06.830 - fleet.ambulance - WARNING - updated location
2024-04-14 18:09:46.427 - fleet.ambulance - WARNING - incydent added
2024-04-14 18:09:46.428 - fleet.ambulance - WARNING - incydent added
2024-04-14 18:09:46.429 - fleet.ambulance - WARNING - sort incydent
2024-04-14 18:09:46.430 - fleet.ambulance - WARNING - ambulance works
2024-04-14 18:09:46.441 - fleet.ambulance - WARNING - incydent happend
2024-04-14 18:09:46.442 - fleet.ambulance - WARNING - distance from incydent
2024-04-14 18:09:46.443 - fleet.ambulance - WARNING - updated location
2024-04-14 18:09:46.444 - fleet.ambulance - WARNING - incydent happend
2024-04-14 18:09:46.446 - fleet.ambulance - WARNING - distance from incydent
2024-04-14 18:09:46.446 - fleet.ambulance - WARNING - updated location
2024-04-14 18:10:01.595 - fleet.ambulance - WARNING - incydent added
2024-04-14 18:10:01.597 - fleet.ambulance - WARNING - incydent added
2024-04-14 18:10:01.600 - fleet.ambulance - WARNING - sort incydent
2024-04-14 18:10:01.601 - fleet.ambulance - WARNING - ambulance works
2024-04-14 18:10:01.611 - fleet.ambulance - WARNING - incydent happend
2024-04-14 18:10:01.612 - fleet.ambulance - WARNING - distance from incydent
2024-04-14 18:10:01.612 - fleet.ambulance - WARNING - updated location
2024-04-14 18:10:01.613 - fleet.ambulance - WARNING - incydent happend
2024-04-14 18:10:01.614 - fleet.ambulance - WARNING - distance from incydent
2024-04-14 18:10:01.614 - fleet.ambulance - WARNING - updated location
2024-04-14 18:10:26.370 - fleet.ambulance - WARNING - incydent added
2024-04-14 18:10:26.371 - fleet.ambulance - WARNING - incydent added
2024-04-14 18:10:26.374 - fleet.ambulance - WARNING - sort incydent
2024-04-14 18:10:26.375 - fleet.ambulance - WARNING - ambulance works
2024-04-14 18:10:26.385 - fleet.ambulance - WARNING - incydent happend
2024-04-14 18:10:26.386 - fleet.ambulance - WARNING - distance from incydent
2024-04-14 18:10:26.387 - fleet.ambulance - WARNING - updated location
2024-04-14 18:10:26.388 - fleet.ambulance - WARNING - incydent happend
2024-04-14 18:10:26.389 - fleet.ambulance - WARNING - distance from incydent
2024-04-14 18:10:26.389 - fleet.ambulance - WARNING - updated location
2024-04-14 18:10:52.885 - fleet.ambulance - WARNING - incydent added
2024-04-14 18:10:52.886 - fleet.ambulance - WARNING - incydent added
2024-04-14 18:10:52.890 - fleet.ambulance - WARNING - sort incydent
2024-04-14 18:10:52.890 - fleet.ambulance - WARNING - ambulance works
2024-04-14 18:10:52.903 - fleet.ambulance - WARNING - incydent happend
2024-04-14 18:10:52.904 - fleet.ambulance - WARNING - distance from incydent
2024-04-14 18:10:52.905 - fleet.ambulance - WARNING - updated location
2024-04-14 18:10:52.906 - fleet.ambulance - WARNING - incydent happend
2024-04-14 18:10:52.907 - fleet.ambulance - WARNING - distance from incydent
2024-04-14 18:10:52.907 - fleet.ambulance - WARNING - updated location
2024-04-14 18:14:52.033 - fleet.ambulance - WARNING - incydent added
2024-04-14 18:14:52.035 - fleet.ambulance - WARNING - incydent added
2024-04-14 18:14:52.039 - fleet.ambulance - WARNING - sort incydent
2024-04-14 18:14:52.040 - fleet.ambulance - WARNING - ambulance works
2024-04-14 18:14:52.047 - fleet.ambulance - WARNING - incydent happend
2024-04-14 18:14:52.048 - fleet.ambulance - WARNING - distance from incydent
2024-04-14 18:14:52.048 - fleet.ambulance - WARNING - updated location
2024-04-14 18:14:52.050 - fleet.ambulance - WARNING - incydent happend
2024-04-14 18:14:52.050 - fleet.ambulance - WARNING - distance from incydent
2024-04-14 18:14:52.050 - fleet.ambulance - WARNING - updated location
2024-04-14 18:15:02.236 - fleet.ambulance - WARNING - incydent added
2024-04-14 18:15:02.237 - fleet.ambulance - WARNING - incydent added
2024-04-14 18:15:02.240 - fleet.ambulance - WARNING - sort incydent
2024-04-14 18:15:02.241 - fleet.ambulance - WARNING - ambulance works
2024-04-14 18:15:02.248 - fleet.ambulance - WARNING - incydent happend
2024-04-14 18:15:02.249 - fleet.ambulance - WARNING - distance from incydent
2024-04-14 18:15:02.249 - fleet.ambulance - WARNING - updated location
2024-04-14 18:15:02.250 - fleet.ambulance - WARNING - incydent happend
2024-04-14 18:15:02.251 - fleet.ambulance - WARNING - distance from incydent
2024-04-14 18:15:02.252 - fleet.ambulance - WARNING - updated location
2024-04-14 18:16:02.251 - fleet.ambulance - WARNING - incydent added
2024-04-14 18:16:02.253 - fleet.ambulance - WARNING - incydent added
2024-04-14 18:16:02.256 - fleet.ambulance - WARNING - sort incydent
2024-04-14 18:16:02.257 - fleet.ambulance - WARNING - ambulance works
2024-04-14 18:16:02.265 - fleet.ambulance - WARNING - incydent happend
2024-04-14 18:16:02.266 - fleet.ambulance - WARNING - distance from incydent
2024-04-14 18:16:02.266 - fleet.ambulance - WARNING - updated location
2024-04-14 18:16:02.267 - fleet.ambulance - WARNING - incydent happend
2024-04-14 18:16:02.268 - fleet.ambulance - WARNING - distance from incydent
2024-04-14 18:16:02.269 - fleet.ambulance - WARNING - updated location
2024-04-14 18:16:10.264 - fleet.ambulance - WARNING - incydent added
2024-04-14 18:16:10.265 - fleet.ambulance - WARNING - incydent added
2024-04-14 18:16:10.267 - fleet.ambulance - WARNING - sort incydent
2024-04-14 18:16:10.270 - fleet.ambulance - WARNING - ambulance works
2024-04-14 18:16:10.277 - fleet.ambulance - WARNING - incydent happend
2024-04-14 18:16:10.278 - fleet.ambulance - WARNING - distance from incydent
2024-04-14 18:16:10.278 - fleet.ambulance - WARNING - updated location
2024-04-14 18:16:10.280 - fleet.ambulance - WARNING - incydent happend
2024-04-14 18:16:10.280 - fleet.ambulance - WARNING - distance from incydent
2024-04-14 18:16:10.281 - fleet.ambulance - WARNING - updated location
2024-04-14 18:16:31.935 - fleet.ambulance - WARNING - incydent added
2024-04-14 18:16:31.937 - fleet.ambulance - WARNING - incydent added
2024-04-14 18:16:31.939 - fleet.ambulance - WARNING - sort incydent
2024-04-14 18:16:31.940 - fleet.ambulance - WARNING - ambulance works
2024-04-14 18:16:31.949 - fleet.ambulance - WARNING - incydent happend
2024-04-14 18:16:31.950 - fleet.ambulance - WARNING - distance from incydent
2024-04-14 18:16:31.950 - fleet.ambulance - WARNING - updated location
2024-04-14 18:16:31.952 - fleet.ambulance - WARNING - incydent happend
2024-04-14 18:16:31.952 - fleet.ambulance - WARNING - distance from incydent
2024-04-14 18:16:31.953 - fleet.ambulance - WARNING - updated location
2024-04-14 18:26:03.595 - fleet.ambulance - WARNING - incydent added
2024-04-14 18:26:03.597 - fleet.ambulance - WARNING - incydent added
2024-04-14 18:26:03.600 - fleet.ambulance - WARNING - sort incydent
2024-04-14 18:26:03.601 - fleet.ambulance - WARNING - ambulance works
2024-04-14 18:26:03.614 - fleet.ambulance - WARNING - incydent happend
2024-04-14 18:26:03.617 - fleet.ambulance - WARNING - distance from incydent
2024-04-14 18:26:03.617 - fleet.ambulance - WARNING - updated location
2024-04-14 18:26:03.618 - fleet.ambulance - WARNING - incydent happend
2024-04-14 18:26:03.619 - fleet.ambulance - WARNING - distance from incydent
2024-04-14 18:26:03.619 - fleet.ambulance - WARNING - updated location
2024-04-14 18:26:03.636 - __main__ - ERROR - brak zasobów
